

Started GET "/" for 127.0.0.1 at 2014-07-25 14:24:17 -0700
Connecting to database specified by database.yml
Processing by PagesController#main as HTML
  Rendered pages/main.html.erb within layouts/application (1.9ms)
Warning. Error encountered while saving cache /Users/apprentice/Documents/hackathon/peachcram/spike/againpeach/tmp/cache/sass/bfd3582481ee5d125eaa171a37ee7f5bca4ee93f/pages.css.scssc: can't dump anonymous class #<Class:0x007fa1b29d5f70>
Compiled pages.css  (28ms)  (pid 62868)
Compiled application.css  (36ms)  (pid 62868)
Compiled jquery.js  (1ms)  (pid 62868)
Compiled jquery_ujs.js  (0ms)  (pid 62868)
Compiled pages.js  (196ms)  (pid 62868)
Compiled application.js  (244ms)  (pid 62868)
Completed 200 OK in 354.1ms (Views: 353.7ms | ActiveRecord: 0.0ms)


Started GET "/assets/application.css?body=1" for 127.0.0.1 at 2014-07-25 14:24:18 -0700
Served asset /application.css - 200 OK (7ms)


Started GET "/assets/pages.css?body=1" for 127.0.0.1 at 2014-07-25 14:24:18 -0700
Served asset /pages.css - 200 OK (2ms)


Started GET "/assets/jquery_ujs.js?body=1" for 127.0.0.1 at 2014-07-25 14:24:18 -0700
Served asset /jquery_ujs.js - 200 OK (3ms)


Started GET "/assets/application.js?body=1" for 127.0.0.1 at 2014-07-25 14:24:18 -0700
Served asset /application.js - 200 OK (6ms)


Started GET "/assets/pages.js?body=1" for 127.0.0.1 at 2014-07-25 14:24:18 -0700
Served asset /pages.js - 200 OK (2ms)


Started GET "/assets/jquery.js?body=1" for 127.0.0.1 at 2014-07-25 14:24:18 -0700
Served asset /jquery.js - 200 OK (3ms)


Started GET "/" for 127.0.0.1 at 2014-07-25 14:25:14 -0700
Processing by PagesController#main as HTML
  Rendered pages/main.html.erb within layouts/application (0.1ms)
Compiled application.js  (2ms)  (pid 62868)
Completed 200 OK in 19.2ms (Views: 18.9ms | ActiveRecord: 0.0ms)


Started GET "/assets/application.css?body=1" for 127.0.0.1 at 2014-07-25 14:25:15 -0700
Served asset /application.css - 304 Not Modified (0ms)


Started GET "/assets/jquery.js?body=1" for 127.0.0.1 at 2014-07-25 14:25:15 -0700
Served asset /jquery.js - 304 Not Modified (0ms)


Started GET "/assets/pages.css?body=1" for 127.0.0.1 at 2014-07-25 14:25:15 -0700
Served asset /pages.css - 304 Not Modified (0ms)


Started GET "/assets/pages.js?body=1" for 127.0.0.1 at 2014-07-25 14:25:15 -0700
Served asset /pages.js - 304 Not Modified (0ms)


Started GET "/assets/application.js?body=1" for 127.0.0.1 at 2014-07-25 14:25:15 -0700
Served asset /application.js - 200 OK (39ms)


Started GET "/assets/jquery_ujs.js?body=1" for 127.0.0.1 at 2014-07-25 14:25:15 -0700
Served asset /jquery_ujs.js - 304 Not Modified (0ms)


Started GET "/" for 127.0.0.1 at 2014-07-25 14:25:54 -0700
Processing by PagesController#main as HTML
  Rendered pages/main.html.erb within layouts/application (0.1ms)
Compiled application.js  (2ms)  (pid 62868)
Completed 200 OK in 18.8ms (Views: 18.6ms | ActiveRecord: 0.0ms)


Started GET "/assets/application.css?body=1" for 127.0.0.1 at 2014-07-25 14:25:54 -0700
Served asset /application.css - 304 Not Modified (0ms)


Started GET "/assets/pages.css?body=1" for 127.0.0.1 at 2014-07-25 14:25:54 -0700
Served asset /pages.css - 304 Not Modified (0ms)


Started GET "/assets/jquery_ujs.js?body=1" for 127.0.0.1 at 2014-07-25 14:25:54 -0700
Served asset /jquery_ujs.js - 304 Not Modified (0ms)


Started GET "/assets/jquery.js?body=1" for 127.0.0.1 at 2014-07-25 14:25:54 -0700
Served asset /jquery.js - 304 Not Modified (0ms)


Started GET "/assets/pages.js?body=1" for 127.0.0.1 at 2014-07-25 14:25:54 -0700
Served asset /pages.js - 304 Not Modified (0ms)


Started GET "/assets/application.js?body=1" for 127.0.0.1 at 2014-07-25 14:25:54 -0700
Served asset /application.js - 200 OK (7ms)


Started GET "/" for 127.0.0.1 at 2014-07-25 14:26:31 -0700
Processing by PagesController#main as HTML
  Rendered pages/main.html.erb within layouts/application (0.4ms)
Compiled application.js  (2ms)  (pid 62868)
Completed 200 OK in 37.3ms (Views: 36.9ms | ActiveRecord: 0.0ms)


Started GET "/assets/application.css?body=1" for 127.0.0.1 at 2014-07-25 14:26:31 -0700
Served asset /application.css - 304 Not Modified (0ms)


Started GET "/assets/pages.css?body=1" for 127.0.0.1 at 2014-07-25 14:26:31 -0700
Served asset /pages.css - 304 Not Modified (0ms)


Started GET "/assets/jquery_ujs.js?body=1" for 127.0.0.1 at 2014-07-25 14:26:31 -0700
Served asset /jquery_ujs.js - 304 Not Modified (0ms)


Started GET "/assets/jquery.js?body=1" for 127.0.0.1 at 2014-07-25 14:26:31 -0700
Served asset /jquery.js - 304 Not Modified (0ms)


Started GET "/assets/application.js?body=1" for 127.0.0.1 at 2014-07-25 14:26:31 -0700
Served asset /application.js - 200 OK (6ms)


Started GET "/assets/pages.js?body=1" for 127.0.0.1 at 2014-07-25 14:26:31 -0700
Served asset /pages.js - 304 Not Modified (0ms)


Started GET "/" for 127.0.0.1 at 2014-07-25 14:27:23 -0700
Processing by PagesController#main as HTML
  Rendered pages/main.html.erb within layouts/application (0.0ms)
Completed 200 OK in 7.2ms (Views: 6.9ms | ActiveRecord: 0.0ms)


Started GET "/assets/application.css?body=1" for 127.0.0.1 at 2014-07-25 14:27:23 -0700
Served asset /application.css - 304 Not Modified (0ms)


Started GET "/assets/pages.css?body=1" for 127.0.0.1 at 2014-07-25 14:27:23 -0700
Served asset /pages.css - 304 Not Modified (0ms)


Started GET "/assets/jquery.js?body=1" for 127.0.0.1 at 2014-07-25 14:27:23 -0700
Served asset /jquery.js - 304 Not Modified (0ms)


Started GET "/assets/jquery_ujs.js?body=1" for 127.0.0.1 at 2014-07-25 14:27:23 -0700
Served asset /jquery_ujs.js - 304 Not Modified (0ms)


Started GET "/assets/pages.js?body=1" for 127.0.0.1 at 2014-07-25 14:27:23 -0700
Served asset /pages.js - 304 Not Modified (0ms)


Started GET "/assets/application.js?body=1" for 127.0.0.1 at 2014-07-25 14:27:23 -0700
Served asset /application.js - 304 Not Modified (0ms)


Started GET "/" for 127.0.0.1 at 2014-07-25 14:33:00 -0700
Processing by PagesController#main as HTML
  Rendered pages/main.html.erb within layouts/application (0.1ms)
Compiled application.js  (3ms)  (pid 62868)
Completed 200 OK in 51.0ms (Views: 50.8ms | ActiveRecord: 0.0ms)


Started GET "/assets/application.css?body=1" for 127.0.0.1 at 2014-07-25 14:33:00 -0700
Served asset /application.css - 304 Not Modified (0ms)


Started GET "/assets/pages.css?body=1" for 127.0.0.1 at 2014-07-25 14:33:00 -0700
Served asset /pages.css - 304 Not Modified (0ms)


Started GET "/assets/pages.js?body=1" for 127.0.0.1 at 2014-07-25 14:33:00 -0700
Served asset /pages.js - 304 Not Modified (0ms)


Started GET "/assets/jquery_ujs.js?body=1" for 127.0.0.1 at 2014-07-25 14:33:00 -0700
Served asset /jquery_ujs.js - 304 Not Modified (0ms)


Started GET "/assets/jquery.js?body=1" for 127.0.0.1 at 2014-07-25 14:33:00 -0700
Served asset /jquery.js - 304 Not Modified (0ms)


Started GET "/assets/application.js?body=1" for 127.0.0.1 at 2014-07-25 14:33:00 -0700
Served asset /application.js - 200 OK (6ms)


Started GET "/" for 127.0.0.1 at 2014-07-25 14:38:38 -0700
Processing by PagesController#main as HTML
  Rendered pages/main.html.erb within layouts/application (0.5ms)
Compiled application.js  (2ms)  (pid 62868)
Completed 200 OK in 20.1ms (Views: 19.9ms | ActiveRecord: 0.0ms)


Started GET "/assets/pages.css?body=1" for 127.0.0.1 at 2014-07-25 14:38:38 -0700
Served asset /pages.css - 304 Not Modified (0ms)


Started GET "/assets/application.css?body=1" for 127.0.0.1 at 2014-07-25 14:38:38 -0700
Served asset /application.css - 304 Not Modified (0ms)


Started GET "/assets/jquery.js?body=1" for 127.0.0.1 at 2014-07-25 14:38:38 -0700
Served asset /jquery.js - 304 Not Modified (0ms)


Started GET "/assets/jquery_ujs.js?body=1" for 127.0.0.1 at 2014-07-25 14:38:38 -0700
Served asset /jquery_ujs.js - 304 Not Modified (0ms)


Started GET "/assets/pages.js?body=1" for 127.0.0.1 at 2014-07-25 14:38:38 -0700
Served asset /pages.js - 304 Not Modified (0ms)


Started GET "/assets/application.js?body=1" for 127.0.0.1 at 2014-07-25 14:38:38 -0700
Served asset /application.js - 200 OK (29ms)


Started GET "/" for 127.0.0.1 at 2014-07-25 14:55:13 -0700
Processing by PagesController#main as HTML
  Rendered pages/main.html.erb within layouts/application (0.1ms)
Compiled application.js  (3ms)  (pid 62868)
Completed 200 OK in 33.8ms (Views: 33.2ms | ActiveRecord: 0.0ms)


Started GET "/assets/application.css?body=1" for 127.0.0.1 at 2014-07-25 14:55:13 -0700
Served asset /application.css - 304 Not Modified (0ms)


Started GET "/assets/pages.css?body=1" for 127.0.0.1 at 2014-07-25 14:55:13 -0700
Served asset /pages.css - 304 Not Modified (0ms)


Started GET "/assets/jquery.js?body=1" for 127.0.0.1 at 2014-07-25 14:55:13 -0700
Served asset /jquery.js - 304 Not Modified (0ms)


Started GET "/assets/pages.js?body=1" for 127.0.0.1 at 2014-07-25 14:55:13 -0700
Served asset /pages.js - 304 Not Modified (0ms)


Started GET "/assets/application.js?body=1" for 127.0.0.1 at 2014-07-25 14:55:13 -0700
Served asset /application.js - 200 OK (7ms)


Started GET "/assets/jquery_ujs.js?body=1" for 127.0.0.1 at 2014-07-25 14:55:13 -0700
Served asset /jquery_ujs.js - 304 Not Modified (0ms)


Started GET "/" for 127.0.0.1 at 2014-07-25 14:56:00 -0700
Processing by PagesController#main as HTML
  Rendered pages/main.html.erb within layouts/application (0.0ms)
Completed 200 OK in 4.5ms (Views: 4.3ms | ActiveRecord: 0.0ms)


Started GET "/assets/jquery.js?body=1" for 127.0.0.1 at 2014-07-25 14:56:00 -0700
Served asset /jquery.js - 304 Not Modified (0ms)


Started GET "/assets/jquery_ujs.js?body=1" for 127.0.0.1 at 2014-07-25 14:56:00 -0700
Served asset /jquery_ujs.js - 304 Not Modified (0ms)


Started GET "/assets/application.js?body=1" for 127.0.0.1 at 2014-07-25 14:56:00 -0700
Served asset /application.js - 304 Not Modified (0ms)


Started GET "/assets/pages.css?body=1" for 127.0.0.1 at 2014-07-25 14:56:00 -0700
Served asset /pages.css - 304 Not Modified (0ms)


Started GET "/assets/pages.js?body=1" for 127.0.0.1 at 2014-07-25 14:56:00 -0700
Served asset /pages.js - 304 Not Modified (0ms)


Started GET "/assets/application.css?body=1" for 127.0.0.1 at 2014-07-25 14:56:00 -0700
Served asset /application.css - 304 Not Modified (0ms)


Started GET "/" for 127.0.0.1 at 2014-07-25 14:57:55 -0700
Processing by PagesController#main as HTML
  Rendered pages/main.html.erb within layouts/application (0.0ms)
Completed 200 OK in 4.2ms (Views: 4.0ms | ActiveRecord: 0.0ms)


Started GET "/assets/application.css?body=1" for 127.0.0.1 at 2014-07-25 14:57:55 -0700
Served asset /application.css - 304 Not Modified (0ms)


Started GET "/assets/jquery.js?body=1" for 127.0.0.1 at 2014-07-25 14:57:55 -0700
Served asset /jquery.js - 304 Not Modified (0ms)


Started GET "/assets/jquery_ujs.js?body=1" for 127.0.0.1 at 2014-07-25 14:57:55 -0700
Served asset /jquery_ujs.js - 304 Not Modified (0ms)


Started GET "/assets/pages.css?body=1" for 127.0.0.1 at 2014-07-25 14:57:55 -0700
Served asset /pages.css - 304 Not Modified (0ms)


Started GET "/assets/pages.js?body=1" for 127.0.0.1 at 2014-07-25 14:57:55 -0700
Served asset /pages.js - 304 Not Modified (0ms)


Started GET "/assets/application.js?body=1" for 127.0.0.1 at 2014-07-25 14:57:55 -0700
Served asset /application.js - 304 Not Modified (0ms)


Started GET "/" for 127.0.0.1 at 2014-07-25 14:57:57 -0700
Processing by PagesController#main as HTML
  Rendered pages/main.html.erb within layouts/application (0.1ms)
Completed 200 OK in 5.9ms (Views: 5.6ms | ActiveRecord: 0.0ms)


Started GET "/assets/application.css?body=1" for 127.0.0.1 at 2014-07-25 14:57:58 -0700
Served asset /application.css - 304 Not Modified (0ms)


Started GET "/assets/jquery_ujs.js?body=1" for 127.0.0.1 at 2014-07-25 14:57:58 -0700
Served asset /jquery_ujs.js - 304 Not Modified (0ms)


Started GET "/assets/pages.css?body=1" for 127.0.0.1 at 2014-07-25 14:57:58 -0700
Served asset /pages.css - 304 Not Modified (0ms)


Started GET "/assets/application.js?body=1" for 127.0.0.1 at 2014-07-25 14:57:58 -0700
Served asset /application.js - 304 Not Modified (0ms)


Started GET "/assets/jquery.js?body=1" for 127.0.0.1 at 2014-07-25 14:57:58 -0700
Served asset /jquery.js - 304 Not Modified (0ms)


Started GET "/assets/pages.js?body=1" for 127.0.0.1 at 2014-07-25 14:57:58 -0700
Served asset /pages.js - 304 Not Modified (0ms)


Started GET "/" for 127.0.0.1 at 2014-07-25 15:09:59 -0700
Processing by PagesController#main as HTML
  Rendered pages/main.html.erb within layouts/application (0.0ms)
Completed 200 OK in 2.7ms (Views: 2.4ms | ActiveRecord: 0.0ms)


Started GET "/auth.js" for 127.0.0.1 at 2014-07-25 15:09:59 -0700

ActionController::RoutingError (No route matches [GET] "/auth.js"):
  actionpack (3.2.18) lib/action_dispatch/middleware/debug_exceptions.rb:21:in `call'
  actionpack (3.2.18) lib/action_dispatch/middleware/show_exceptions.rb:56:in `call'
  railties (3.2.18) lib/rails/rack/logger.rb:32:in `call_app'
  railties (3.2.18) lib/rails/rack/logger.rb:16:in `block in call'
  activesupport (3.2.18) lib/active_support/tagged_logging.rb:22:in `tagged'
  railties (3.2.18) lib/rails/rack/logger.rb:16:in `call'
  actionpack (3.2.18) lib/action_dispatch/middleware/request_id.rb:22:in `call'
  rack (1.4.5) lib/rack/methodoverride.rb:21:in `call'
  rack (1.4.5) lib/rack/runtime.rb:17:in `call'
  activesupport (3.2.18) lib/active_support/cache/strategy/local_cache.rb:72:in `call'
  rack (1.4.5) lib/rack/lock.rb:15:in `call'
  actionpack (3.2.18) lib/action_dispatch/middleware/static.rb:63:in `call'
  railties (3.2.18) lib/rails/engine.rb:484:in `call'
  railties (3.2.18) lib/rails/application.rb:231:in `call'
  rack (1.4.5) lib/rack/content_length.rb:14:in `call'
  railties (3.2.18) lib/rails/rack/log_tailer.rb:17:in `call'
  rack (1.4.5) lib/rack/handler/webrick.rb:59:in `service'
  /Users/apprentice/.rvm/rubies/ruby-1.9.3-p448/lib/ruby/1.9.1/webrick/httpserver.rb:138:in `service'
  /Users/apprentice/.rvm/rubies/ruby-1.9.3-p448/lib/ruby/1.9.1/webrick/httpserver.rb:94:in `run'
  /Users/apprentice/.rvm/rubies/ruby-1.9.3-p448/lib/ruby/1.9.1/webrick/server.rb:191:in `block in start_thread'


  Rendered /Users/apprentice/.rvm/gems/ruby-1.9.3-p448/gems/actionpack-3.2.18/lib/action_dispatch/middleware/templates/rescues/routing_error.erb within rescues/layout (0.9ms)


Started GET "/search.js" for 127.0.0.1 at 2014-07-25 15:09:59 -0700

ActionController::RoutingError (No route matches [GET] "/search.js"):
  actionpack (3.2.18) lib/action_dispatch/middleware/debug_exceptions.rb:21:in `call'
  actionpack (3.2.18) lib/action_dispatch/middleware/show_exceptions.rb:56:in `call'
  railties (3.2.18) lib/rails/rack/logger.rb:32:in `call_app'
  railties (3.2.18) lib/rails/rack/logger.rb:16:in `block in call'
  activesupport (3.2.18) lib/active_support/tagged_logging.rb:22:in `tagged'
  railties (3.2.18) lib/rails/rack/logger.rb:16:in `call'
  actionpack (3.2.18) lib/action_dispatch/middleware/request_id.rb:22:in `call'
  rack (1.4.5) lib/rack/methodoverride.rb:21:in `call'
  rack (1.4.5) lib/rack/runtime.rb:17:in `call'
  activesupport (3.2.18) lib/active_support/cache/strategy/local_cache.rb:72:in `call'
  rack (1.4.5) lib/rack/lock.rb:15:in `call'
  actionpack (3.2.18) lib/action_dispatch/middleware/static.rb:63:in `call'
  railties (3.2.18) lib/rails/engine.rb:484:in `call'
  railties (3.2.18) lib/rails/application.rb:231:in `call'
  rack (1.4.5) lib/rack/content_length.rb:14:in `call'
  railties (3.2.18) lib/rails/rack/log_tailer.rb:17:in `call'
  rack (1.4.5) lib/rack/handler/webrick.rb:59:in `service'
  /Users/apprentice/.rvm/rubies/ruby-1.9.3-p448/lib/ruby/1.9.1/webrick/httpserver.rb:138:in `service'
  /Users/apprentice/.rvm/rubies/ruby-1.9.3-p448/lib/ruby/1.9.1/webrick/httpserver.rb:94:in `run'
  /Users/apprentice/.rvm/rubies/ruby-1.9.3-p448/lib/ruby/1.9.1/webrick/server.rb:191:in `block in start_thread'


  Rendered /Users/apprentice/.rvm/gems/ruby-1.9.3-p448/gems/actionpack-3.2.18/lib/action_dispatch/middleware/templates/rescues/routing_error.erb within rescues/layout (2.8ms)


Started GET "/" for 127.0.0.1 at 2014-07-25 15:13:58 -0700
Processing by PagesController#main as HTML
  Rendered pages/main.html.erb within layouts/application (0.0ms)
Compiled application.js  (4ms)  (pid 62868)
Completed 200 OK in 28.7ms (Views: 28.5ms | ActiveRecord: 0.0ms)


Started GET "/assets/application.css?body=1" for 127.0.0.1 at 2014-07-25 15:13:58 -0700
Served asset /application.css - 304 Not Modified (0ms)


Started GET "/assets/jquery_ujs.js?body=1" for 127.0.0.1 at 2014-07-25 15:13:58 -0700
Served asset /jquery_ujs.js - 304 Not Modified (0ms)


Started GET "/assets/jquery.js?body=1" for 127.0.0.1 at 2014-07-25 15:13:58 -0700
Served asset /jquery.js - 304 Not Modified (0ms)


Started GET "/assets/pages.css?body=1" for 127.0.0.1 at 2014-07-25 15:13:58 -0700
Served asset /pages.css - 304 Not Modified (0ms)


Started GET "/assets/pages.js?body=1" for 127.0.0.1 at 2014-07-25 15:13:58 -0700
Served asset /pages.js - 304 Not Modified (0ms)


Started GET "/assets/application.js?body=1" for 127.0.0.1 at 2014-07-25 15:13:58 -0700
Served asset /application.js - 200 OK (4ms)


Started GET "/" for 127.0.0.1 at 2014-07-25 15:20:30 -0700
Processing by PagesController#main as HTML
  Rendered pages/main.html.erb within layouts/application (0.0ms)
Completed 200 OK in 35.1ms (Views: 34.9ms | ActiveRecord: 0.0ms)


Started GET "/assets/pages.css?body=1" for 127.0.0.1 at 2014-07-25 15:20:30 -0700
Served asset /pages.css - 304 Not Modified (0ms)


Started GET "/assets/jquery.js?body=1" for 127.0.0.1 at 2014-07-25 15:20:30 -0700
Served asset /jquery.js - 304 Not Modified (0ms)


Started GET "/assets/application.css?body=1" for 127.0.0.1 at 2014-07-25 15:20:30 -0700
Served asset /application.css - 304 Not Modified (0ms)


Started GET "/assets/jquery_ujs.js?body=1" for 127.0.0.1 at 2014-07-25 15:20:30 -0700
Served asset /jquery_ujs.js - 304 Not Modified (0ms)


Started GET "/assets/application.js?body=1" for 127.0.0.1 at 2014-07-25 15:20:30 -0700
Served asset /application.js - 304 Not Modified (0ms)


Started GET "/assets/pages.js?body=1" for 127.0.0.1 at 2014-07-25 15:20:30 -0700
Served asset /pages.js - 304 Not Modified (0ms)


Started GET "/" for 127.0.0.1 at 2014-07-25 15:22:24 -0700
Processing by PagesController#main as HTML
  Rendered pages/main.html.erb within layouts/application (0.0ms)
Compiled application.js  (2ms)  (pid 62868)
Completed 200 OK in 19.8ms (Views: 19.6ms | ActiveRecord: 0.0ms)


Started GET "/assets/application.css?body=1" for 127.0.0.1 at 2014-07-25 15:22:24 -0700
Served asset /application.css - 304 Not Modified (0ms)


Started GET "/assets/jquery.js?body=1" for 127.0.0.1 at 2014-07-25 15:22:24 -0700
Served asset /jquery.js - 304 Not Modified (0ms)


Started GET "/assets/jquery_ujs.js?body=1" for 127.0.0.1 at 2014-07-25 15:22:24 -0700
Served asset /jquery_ujs.js - 304 Not Modified (0ms)


Started GET "/assets/pages.css?body=1" for 127.0.0.1 at 2014-07-25 15:22:24 -0700
Served asset /pages.css - 304 Not Modified (0ms)


Started GET "/assets/pages.js?body=1" for 127.0.0.1 at 2014-07-25 15:22:24 -0700
Served asset /pages.js - 304 Not Modified (0ms)


Started GET "/assets/application.js?body=1" for 127.0.0.1 at 2014-07-25 15:22:24 -0700
Served asset /application.js - 200 OK (4ms)


Started GET "/" for 127.0.0.1 at 2014-07-25 23:59:11 -0700
Connecting to database specified by database.yml
Processing by PagesController#main as HTML
  Rendered pages/main.html.erb within layouts/application (2.6ms)
Compiled application.js  (2ms)  (pid 67217)
Completed 200 OK in 62.7ms (Views: 62.4ms | ActiveRecord: 0.0ms)


Started GET "/" for 127.0.0.1 at 2014-07-25 23:59:46 -0700
Processing by PagesController#main as HTML
  Rendered pages/main.html.erb within layouts/application (0.1ms)
Completed 200 OK in 4.7ms (Views: 4.4ms | ActiveRecord: 0.0ms)


Started GET "/assets/application.css?body=1" for 127.0.0.1 at 2014-07-25 23:59:47 -0700
Served asset /application.css - 304 Not Modified (5ms)


Started GET "/assets/pages.css?body=1" for 127.0.0.1 at 2014-07-25 23:59:47 -0700
Served asset /pages.css - 304 Not Modified (2ms)


Started GET "/assets/jquery.js?body=1" for 127.0.0.1 at 2014-07-25 23:59:47 -0700
Served asset /jquery.js - 304 Not Modified (2ms)


Started GET "/assets/jquery_ujs.js?body=1" for 127.0.0.1 at 2014-07-25 23:59:47 -0700
Served asset /jquery_ujs.js - 304 Not Modified (3ms)


Started GET "/assets/pages.js?body=1" for 127.0.0.1 at 2014-07-25 23:59:47 -0700
Served asset /pages.js - 304 Not Modified (1ms)


Started GET "/assets/application.js?body=1" for 127.0.0.1 at 2014-07-25 23:59:47 -0700
Served asset /application.js - 200 OK (6ms)
Connecting to database specified by database.yml
Connecting to database specified by database.yml
Connecting to database specified by database.yml


Started GET "/" for 127.0.0.1 at 2014-07-26 00:26:03 -0700
Connecting to database specified by database.yml
Processing by PagesController#main as HTML
Completed 500 Internal Server Error in 1106.7ms

TypeError (can't convert HTTParty::Response into String):
  app/controllers/pages_controller.rb:4:in `main'


  Rendered /Users/apprentice/.rvm/gems/ruby-1.9.3-p448/gems/actionpack-3.2.18/lib/action_dispatch/middleware/templates/rescues/_trace.erb (1.1ms)
  Rendered /Users/apprentice/.rvm/gems/ruby-1.9.3-p448/gems/actionpack-3.2.18/lib/action_dispatch/middleware/templates/rescues/_request_and_response.erb (0.9ms)
  Rendered /Users/apprentice/.rvm/gems/ruby-1.9.3-p448/gems/actionpack-3.2.18/lib/action_dispatch/middleware/templates/rescues/diagnostics.erb within rescues/layout (11.6ms)


Started GET "/" for 127.0.0.1 at 2014-07-26 00:26:04 -0700
Processing by PagesController#main as HTML
Completed 500 Internal Server Error in 600.0ms

TypeError (can't convert HTTParty::Response into String):
  app/controllers/pages_controller.rb:4:in `main'


  Rendered /Users/apprentice/.rvm/gems/ruby-1.9.3-p448/gems/actionpack-3.2.18/lib/action_dispatch/middleware/templates/rescues/_trace.erb (1.0ms)
  Rendered /Users/apprentice/.rvm/gems/ruby-1.9.3-p448/gems/actionpack-3.2.18/lib/action_dispatch/middleware/templates/rescues/_request_and_response.erb (0.7ms)
  Rendered /Users/apprentice/.rvm/gems/ruby-1.9.3-p448/gems/actionpack-3.2.18/lib/action_dispatch/middleware/templates/rescues/diagnostics.erb within rescues/layout (6.4ms)


Started GET "/" for 127.0.0.1 at 2014-07-26 00:26:35 -0700
Processing by PagesController#main as HTML
  Rendered pages/main.html.erb within layouts/application (24.6ms)
Compiled application.js  (2ms)  (pid 67547)
Completed 200 OK in 555.7ms (Views: 93.6ms | ActiveRecord: 0.0ms)


Started GET "/assets/application.css?body=1" for 127.0.0.1 at 2014-07-26 00:26:36 -0700
Served asset /application.css - 304 Not Modified (5ms)


Started GET "/assets/pages.css?body=1" for 127.0.0.1 at 2014-07-26 00:26:36 -0700
Served asset /pages.css - 304 Not Modified (2ms)


Started GET "/assets/jquery.js?body=1" for 127.0.0.1 at 2014-07-26 00:26:36 -0700
Served asset /jquery.js - 304 Not Modified (5ms)


Started GET "/assets/jquery_ujs.js?body=1" for 127.0.0.1 at 2014-07-26 00:26:36 -0700
Served asset /jquery_ujs.js - 304 Not Modified (2ms)


Started GET "/assets/pages.js?body=1" for 127.0.0.1 at 2014-07-26 00:26:36 -0700
Served asset /pages.js - 304 Not Modified (1ms)


Started GET "/assets/application.js?body=1" for 127.0.0.1 at 2014-07-26 00:26:36 -0700
Served asset /application.js - 200 OK (6ms)


Started GET "/" for 127.0.0.1 at 2014-07-26 00:28:14 -0700
Processing by PagesController#main as HTML
  Rendered pages/main.html.erb within layouts/application (7.9ms)
Completed 200 OK in 331.1ms (Views: 11.6ms | ActiveRecord: 0.0ms)


Started GET "/assets/application.css?body=1" for 127.0.0.1 at 2014-07-26 00:28:14 -0700
Served asset /application.css - 304 Not Modified (0ms)


Started GET "/assets/jquery.js?body=1" for 127.0.0.1 at 2014-07-26 00:28:14 -0700
Served asset /jquery.js - 304 Not Modified (0ms)


Started GET "/assets/pages.css?body=1" for 127.0.0.1 at 2014-07-26 00:28:14 -0700
Served asset /pages.css - 304 Not Modified (0ms)


Started GET "/assets/jquery_ujs.js?body=1" for 127.0.0.1 at 2014-07-26 00:28:14 -0700
Served asset /jquery_ujs.js - 304 Not Modified (0ms)


Started GET "/assets/pages.js?body=1" for 127.0.0.1 at 2014-07-26 00:28:14 -0700
Served asset /pages.js - 304 Not Modified (0ms)


Started GET "/assets/application.js?body=1" for 127.0.0.1 at 2014-07-26 00:28:14 -0700
Served asset /application.js - 304 Not Modified (0ms)


Started GET "/" for 127.0.0.1 at 2014-07-26 00:32:43 -0700
Processing by PagesController#main as HTML
  Rendered pages/main.html.erb within layouts/application (10.1ms)
Completed 200 OK in 697.8ms (Views: 14.0ms | ActiveRecord: 0.0ms)


Started GET "/assets/application.css?body=1" for 127.0.0.1 at 2014-07-26 00:32:44 -0700
Served asset /application.css - 304 Not Modified (0ms)


Started GET "/assets/pages.css?body=1" for 127.0.0.1 at 2014-07-26 00:32:44 -0700
Served asset /pages.css - 304 Not Modified (0ms)


Started GET "/assets/jquery_ujs.js?body=1" for 127.0.0.1 at 2014-07-26 00:32:44 -0700
Served asset /jquery_ujs.js - 304 Not Modified (0ms)


Started GET "/assets/pages.js?body=1" for 127.0.0.1 at 2014-07-26 00:32:44 -0700
Served asset /pages.js - 304 Not Modified (0ms)


Started GET "/assets/jquery.js?body=1" for 127.0.0.1 at 2014-07-26 00:32:44 -0700
Served asset /jquery.js - 304 Not Modified (0ms)


Started GET "/assets/application.js?body=1" for 127.0.0.1 at 2014-07-26 00:32:44 -0700
Served asset /application.js - 304 Not Modified (0ms)


Started GET "/" for 127.0.0.1 at 2014-07-26 00:32:55 -0700
Processing by PagesController#main as HTML
  Rendered pages/main.html.erb within layouts/application (7.3ms)
Completed 200 OK in 204.2ms (Views: 10.5ms | ActiveRecord: 0.0ms)


Started GET "/assets/application.css?body=1" for 127.0.0.1 at 2014-07-26 00:32:55 -0700
Served asset /application.css - 304 Not Modified (0ms)


Started GET "/assets/pages.css?body=1" for 127.0.0.1 at 2014-07-26 00:32:55 -0700
Served asset /pages.css - 304 Not Modified (0ms)


Started GET "/assets/jquery.js?body=1" for 127.0.0.1 at 2014-07-26 00:32:55 -0700
Served asset /jquery.js - 304 Not Modified (0ms)


Started GET "/assets/jquery_ujs.js?body=1" for 127.0.0.1 at 2014-07-26 00:32:55 -0700
Served asset /jquery_ujs.js - 304 Not Modified (0ms)


Started GET "/assets/application.js?body=1" for 127.0.0.1 at 2014-07-26 00:32:55 -0700
Served asset /application.js - 304 Not Modified (0ms)


Started GET "/assets/pages.js?body=1" for 127.0.0.1 at 2014-07-26 00:32:55 -0700
Served asset /pages.js - 304 Not Modified (0ms)


Started GET "/" for 127.0.0.1 at 2014-07-26 00:41:46 -0700
Connecting to database specified by database.yml
Processing by PagesController#main as HTML
Completed   in 1759499.2ms


Started GET "/" for 127.0.0.1 at 2014-07-26 01:11:13 -0700
Connecting to database specified by database.yml
Processing by PagesController#main as HTML
  Rendered pages/main.html.erb within layouts/application (2.9ms)
Completed 200 OK in 632.3ms (Views: 30.0ms | ActiveRecord: 0.0ms)


Started GET "/assets/pages.css?body=1" for 127.0.0.1 at 2014-07-26 01:11:14 -0700
Served asset /pages.css - 304 Not Modified (1ms)


Started GET "/assets/application.css?body=1" for 127.0.0.1 at 2014-07-26 01:11:14 -0700
Served asset /application.css - 304 Not Modified (3ms)


Started GET "/assets/jquery_ujs.js?body=1" for 127.0.0.1 at 2014-07-26 01:11:14 -0700
Served asset /jquery_ujs.js - 304 Not Modified (2ms)


Started GET "/assets/jquery.js?body=1" for 127.0.0.1 at 2014-07-26 01:11:14 -0700
Served asset /jquery.js - 304 Not Modified (2ms)


Started GET "/assets/pages.js?body=1" for 127.0.0.1 at 2014-07-26 01:11:14 -0700
Served asset /pages.js - 304 Not Modified (2ms)


Started GET "/assets/application.js?body=1" for 127.0.0.1 at 2014-07-26 01:11:14 -0700
Served asset /application.js - 304 Not Modified (6ms)


Started GET "/" for 127.0.0.1 at 2014-07-26 01:12:09 -0700
Processing by PagesController#main as HTML
Completed   in 214354.2ms


Started GET "/" for 127.0.0.1 at 2014-07-26 01:43:03 -0700
Connecting to database specified by database.yml
Processing by PagesController#main as HTML
  Rendered pages/main.html.erb within layouts/application (3.2ms)
Completed 200 OK in 1019.5ms (Views: 53.0ms | ActiveRecord: 0.0ms)


Started GET "/" for 127.0.0.1 at 2014-07-26 01:49:12 -0700
Processing by PagesController#main as HTML
  Rendered pages/main.html.erb within layouts/application (0.1ms)
Completed 200 OK in 1342.5ms (Views: 3.8ms | ActiveRecord: 0.0ms)


Started GET "/" for 127.0.0.1 at 2014-07-26 01:49:13 -0700
Processing by PagesController#main as HTML
  Rendered pages/main.html.erb within layouts/application (0.2ms)
Completed 200 OK in 460.7ms (Views: 4.8ms | ActiveRecord: 0.0ms)


Started GET "/assets/application.css?body=1" for 127.0.0.1 at 2014-07-26 01:49:14 -0700
Served asset /application.css - 304 Not Modified (4ms)


Started GET "/assets/jquery_ujs.js?body=1" for 127.0.0.1 at 2014-07-26 01:49:14 -0700
Served asset /jquery_ujs.js - 304 Not Modified (3ms)


Started GET "/assets/application.js?body=1" for 127.0.0.1 at 2014-07-26 01:49:14 -0700
Served asset /application.js - 304 Not Modified (6ms)


Started GET "/assets/jquery.js?body=1" for 127.0.0.1 at 2014-07-26 01:49:14 -0700
Served asset /jquery.js - 304 Not Modified (6ms)


Started GET "/assets/pages.css?body=1" for 127.0.0.1 at 2014-07-26 01:49:14 -0700
Served asset /pages.css - 304 Not Modified (2ms)


Started GET "/assets/pages.js?body=1" for 127.0.0.1 at 2014-07-26 01:49:14 -0700
Served asset /pages.js - 304 Not Modified (2ms)


Started GET "/" for 127.0.0.1 at 2014-07-26 01:49:35 -0700
Processing by PagesController#main as HTML
  Rendered pages/main.html.erb within layouts/application (0.1ms)
Completed 200 OK in 370.8ms (Views: 3.2ms | ActiveRecord: 0.0ms)


Started GET "/assets/application.css?body=1" for 127.0.0.1 at 2014-07-26 01:49:36 -0700
Served asset /application.css - 304 Not Modified (0ms)


Started GET "/assets/jquery.js?body=1" for 127.0.0.1 at 2014-07-26 01:49:36 -0700
Served asset /jquery.js - 304 Not Modified (0ms)


Started GET "/assets/pages.css?body=1" for 127.0.0.1 at 2014-07-26 01:49:36 -0700
Served asset /pages.css - 304 Not Modified (0ms)


Started GET "/assets/application.js?body=1" for 127.0.0.1 at 2014-07-26 01:49:36 -0700
Served asset /application.js - 304 Not Modified (0ms)


Started GET "/assets/jquery_ujs.js?body=1" for 127.0.0.1 at 2014-07-26 01:49:36 -0700
Served asset /jquery_ujs.js - 304 Not Modified (0ms)


Started GET "/assets/pages.js?body=1" for 127.0.0.1 at 2014-07-26 01:49:36 -0700
Served asset /pages.js - 304 Not Modified (0ms)


Started GET "/" for 127.0.0.1 at 2014-07-26 01:49:38 -0700
Processing by PagesController#main as HTML
  Rendered pages/main.html.erb within layouts/application (0.1ms)
Completed 200 OK in 318.4ms (Views: 3.6ms | ActiveRecord: 0.0ms)


Started GET "/assets/application.css?body=1" for 127.0.0.1 at 2014-07-26 01:49:38 -0700
Served asset /application.css - 304 Not Modified (0ms)


Started GET "/assets/pages.css?body=1" for 127.0.0.1 at 2014-07-26 01:49:38 -0700
Served asset /pages.css - 304 Not Modified (0ms)


Started GET "/assets/jquery.js?body=1" for 127.0.0.1 at 2014-07-26 01:49:38 -0700
Served asset /jquery.js - 304 Not Modified (0ms)


Started GET "/assets/jquery_ujs.js?body=1" for 127.0.0.1 at 2014-07-26 01:49:38 -0700
Served asset /jquery_ujs.js - 304 Not Modified (0ms)


Started GET "/assets/application.js?body=1" for 127.0.0.1 at 2014-07-26 01:49:38 -0700
Served asset /application.js - 304 Not Modified (0ms)


Started GET "/assets/pages.js?body=1" for 127.0.0.1 at 2014-07-26 01:49:38 -0700
Served asset /pages.js - 304 Not Modified (0ms)


Started GET "/" for 127.0.0.1 at 2014-07-26 01:53:09 -0700
Connecting to database specified by database.yml
Processing by PagesController#main as HTML
  Rendered pages/main.html.erb within layouts/application (2.3ms)
Completed 500 Internal Server Error in 798.1ms

ActionView::Template::Error (SyntaxError: [stdin]:5:21: reserved word "function"
  (in /Users/apprentice/Documents/hackathon/peachcram/peachcram/app/assets/javascripts/pages.js.coffee)):
    4:   <title>Againpeach</title>
    5:   <script type="text/javascript" src="http://cdnjs.cloudflare.com/ajax/libs/swfobject/2.2/swfobject.js"></script>
    6:   <%= stylesheet_link_tag    "application", :media => "all" %>
    7:   <%= javascript_include_tag "application" %>
    8:   <%= csrf_meta_tags %>
    9: </head>
    10: <body>
  app/views/layouts/application.html.erb:7:in `_app_views_layouts_application_html_erb__1990320657160988258_70190710203480'


  Rendered /Users/apprentice/.rvm/gems/ruby-1.9.3-p448/gems/actionpack-3.2.18/lib/action_dispatch/middleware/templates/rescues/_trace.erb (1.6ms)
  Rendered /Users/apprentice/.rvm/gems/ruby-1.9.3-p448/gems/actionpack-3.2.18/lib/action_dispatch/middleware/templates/rescues/_request_and_response.erb (0.9ms)
  Rendered /Users/apprentice/.rvm/gems/ruby-1.9.3-p448/gems/actionpack-3.2.18/lib/action_dispatch/middleware/templates/rescues/template_error.erb within rescues/layout (8.7ms)


Started GET "/" for 127.0.0.1 at 2014-07-26 01:53:13 -0700
Processing by PagesController#main as HTML
  Rendered pages/main.html.erb within layouts/application (0.1ms)
Completed 500 Internal Server Error in 303.0ms

ActionView::Template::Error (SyntaxError: [stdin]:5:21: reserved word "function"
  (in /Users/apprentice/Documents/hackathon/peachcram/peachcram/app/assets/javascripts/pages.js.coffee)):
    4:   <title>Againpeach</title>
    5:   <script type="text/javascript" src="http://cdnjs.cloudflare.com/ajax/libs/swfobject/2.2/swfobject.js"></script>
    6:   <%= stylesheet_link_tag    "application", :media => "all" %>
    7:   <%= javascript_include_tag "application" %>
    8:   <%= csrf_meta_tags %>
    9: </head>
    10: <body>
  app/views/layouts/application.html.erb:7:in `_app_views_layouts_application_html_erb__1990320657160988258_70190710203480'


  Rendered /Users/apprentice/.rvm/gems/ruby-1.9.3-p448/gems/actionpack-3.2.18/lib/action_dispatch/middleware/templates/rescues/_trace.erb (1.1ms)
  Rendered /Users/apprentice/.rvm/gems/ruby-1.9.3-p448/gems/actionpack-3.2.18/lib/action_dispatch/middleware/templates/rescues/_request_and_response.erb (0.8ms)
  Rendered /Users/apprentice/.rvm/gems/ruby-1.9.3-p448/gems/actionpack-3.2.18/lib/action_dispatch/middleware/templates/rescues/template_error.erb within rescues/layout (6.8ms)


Started GET "/" for 127.0.0.1 at 2014-07-26 01:54:40 -0700
Processing by PagesController#main as HTML
  Rendered pages/main.html.erb within layouts/application (0.1ms)
Completed 500 Internal Server Error in 885.2ms

ActionView::Template::Error (SyntaxError: [stdin]:5:21: reserved word "function"
  (in /Users/apprentice/Documents/hackathon/peachcram/peachcram/app/assets/javascripts/pages.js.coffee)):
    4:   <title>Againpeach</title>
    5:   <script type="text/javascript" src="http://cdnjs.cloudflare.com/ajax/libs/swfobject/2.2/swfobject.js"></script>
    6:   <%= stylesheet_link_tag    "application", :media => "all" %>
    7:   <%= javascript_include_tag "application" %>
    8:   <%= csrf_meta_tags %>
    9: </head>
    10: <body>
  app/views/layouts/application.html.erb:7:in `_app_views_layouts_application_html_erb__1990320657160988258_70190710203480'


  Rendered /Users/apprentice/.rvm/gems/ruby-1.9.3-p448/gems/actionpack-3.2.18/lib/action_dispatch/middleware/templates/rescues/_trace.erb (1.4ms)
  Rendered /Users/apprentice/.rvm/gems/ruby-1.9.3-p448/gems/actionpack-3.2.18/lib/action_dispatch/middleware/templates/rescues/_request_and_response.erb (0.9ms)
  Rendered /Users/apprentice/.rvm/gems/ruby-1.9.3-p448/gems/actionpack-3.2.18/lib/action_dispatch/middleware/templates/rescues/template_error.erb within rescues/layout (8.7ms)


Started GET "/" for 127.0.0.1 at 2014-07-26 01:54:42 -0700
Processing by PagesController#main as HTML
  Rendered pages/main.html.erb within layouts/application (0.1ms)
Completed 500 Internal Server Error in 916.9ms

ActionView::Template::Error (SyntaxError: [stdin]:5:21: reserved word "function"
  (in /Users/apprentice/Documents/hackathon/peachcram/peachcram/app/assets/javascripts/pages.js.coffee)):
    4:   <title>Againpeach</title>
    5:   <script type="text/javascript" src="http://cdnjs.cloudflare.com/ajax/libs/swfobject/2.2/swfobject.js"></script>
    6:   <%= stylesheet_link_tag    "application", :media => "all" %>
    7:   <%= javascript_include_tag "application" %>
    8:   <%= csrf_meta_tags %>
    9: </head>
    10: <body>
  app/views/layouts/application.html.erb:7:in `_app_views_layouts_application_html_erb__1990320657160988258_70190710203480'


  Rendered /Users/apprentice/.rvm/gems/ruby-1.9.3-p448/gems/actionpack-3.2.18/lib/action_dispatch/middleware/templates/rescues/_trace.erb (1.1ms)
  Rendered /Users/apprentice/.rvm/gems/ruby-1.9.3-p448/gems/actionpack-3.2.18/lib/action_dispatch/middleware/templates/rescues/_request_and_response.erb (0.8ms)
  Rendered /Users/apprentice/.rvm/gems/ruby-1.9.3-p448/gems/actionpack-3.2.18/lib/action_dispatch/middleware/templates/rescues/template_error.erb within rescues/layout (6.9ms)


Started GET "/" for 127.0.0.1 at 2014-07-26 01:54:55 -0700
Processing by PagesController#main as HTML
  Rendered pages/main.html.erb within layouts/application (0.1ms)
Completed 500 Internal Server Error in 462.5ms

ActionView::Template::Error (SyntaxError: [stdin]:1:21: reserved word "function"
  (in /Users/apprentice/Documents/hackathon/peachcram/peachcram/app/assets/javascripts/pages.js.coffee)):
    4:   <title>Againpeach</title>
    5:   <script type="text/javascript" src="http://cdnjs.cloudflare.com/ajax/libs/swfobject/2.2/swfobject.js"></script>
    6:   <%= stylesheet_link_tag    "application", :media => "all" %>
    7:   <%= javascript_include_tag "application" %>
    8:   <%= csrf_meta_tags %>
    9: </head>
    10: <body>
  app/views/layouts/application.html.erb:7:in `_app_views_layouts_application_html_erb__1990320657160988258_70190710203480'


  Rendered /Users/apprentice/.rvm/gems/ruby-1.9.3-p448/gems/actionpack-3.2.18/lib/action_dispatch/middleware/templates/rescues/_trace.erb (1.8ms)
  Rendered /Users/apprentice/.rvm/gems/ruby-1.9.3-p448/gems/actionpack-3.2.18/lib/action_dispatch/middleware/templates/rescues/_request_and_response.erb (1.2ms)
  Rendered /Users/apprentice/.rvm/gems/ruby-1.9.3-p448/gems/actionpack-3.2.18/lib/action_dispatch/middleware/templates/rescues/template_error.erb within rescues/layout (9.1ms)


Started GET "/" for 127.0.0.1 at 2014-07-26 01:55:30 -0700
Processing by PagesController#main as HTML
  Rendered pages/main.html.erb within layouts/application (0.3ms)
Completed 500 Internal Server Error in 529.4ms

ActionView::Template::Error (SyntaxError: [stdin]:1:21: reserved word "function"
  (in /Users/apprentice/Documents/hackathon/peachcram/peachcram/app/assets/javascripts/pages.js.coffee)):
    4:   <title>Againpeach</title>
    5:   <script type="text/javascript" src="http://cdnjs.cloudflare.com/ajax/libs/swfobject/2.2/swfobject.js"></script>
    6:   <%= stylesheet_link_tag    "application", :media => "all" %>
    7:   <%= javascript_include_tag "application" %>
    8:   <%= csrf_meta_tags %>
    9: </head>
    10: <body>
  app/views/layouts/application.html.erb:7:in `_app_views_layouts_application_html_erb__1990320657160988258_70190710203480'


  Rendered /Users/apprentice/.rvm/gems/ruby-1.9.3-p448/gems/actionpack-3.2.18/lib/action_dispatch/middleware/templates/rescues/_trace.erb (2.8ms)
  Rendered /Users/apprentice/.rvm/gems/ruby-1.9.3-p448/gems/actionpack-3.2.18/lib/action_dispatch/middleware/templates/rescues/_request_and_response.erb (1.6ms)
  Rendered /Users/apprentice/.rvm/gems/ruby-1.9.3-p448/gems/actionpack-3.2.18/lib/action_dispatch/middleware/templates/rescues/template_error.erb within rescues/layout (12.2ms)


Started GET "/" for 127.0.0.1 at 2014-07-26 01:55:30 -0700
Processing by PagesController#main as HTML
  Rendered pages/main.html.erb within layouts/application (0.1ms)
Completed 500 Internal Server Error in 348.9ms

ActionView::Template::Error (SyntaxError: [stdin]:1:21: reserved word "function"
  (in /Users/apprentice/Documents/hackathon/peachcram/peachcram/app/assets/javascripts/pages.js.coffee)):
    4:   <title>Againpeach</title>
    5:   <script type="text/javascript" src="http://cdnjs.cloudflare.com/ajax/libs/swfobject/2.2/swfobject.js"></script>
    6:   <%= stylesheet_link_tag    "application", :media => "all" %>
    7:   <%= javascript_include_tag "application" %>
    8:   <%= csrf_meta_tags %>
    9: </head>
    10: <body>
  app/views/layouts/application.html.erb:7:in `_app_views_layouts_application_html_erb__1990320657160988258_70190710203480'


  Rendered /Users/apprentice/.rvm/gems/ruby-1.9.3-p448/gems/actionpack-3.2.18/lib/action_dispatch/middleware/templates/rescues/_trace.erb (1.1ms)
  Rendered /Users/apprentice/.rvm/gems/ruby-1.9.3-p448/gems/actionpack-3.2.18/lib/action_dispatch/middleware/templates/rescues/_request_and_response.erb (2.0ms)
  Rendered /Users/apprentice/.rvm/gems/ruby-1.9.3-p448/gems/actionpack-3.2.18/lib/action_dispatch/middleware/templates/rescues/template_error.erb within rescues/layout (8.8ms)


Started GET "/" for 127.0.0.1 at 2014-07-26 01:56:41 -0700
Processing by PagesController#main as HTML
  Rendered pages/main.html.erb within layouts/application (0.1ms)
Compiled pages.js  (0ms)  (pid 68931)
Compiled application.js  (9ms)  (pid 68931)
Completed 200 OK in 228.5ms (Views: 46.6ms | ActiveRecord: 0.0ms)


Started GET "/assets/application.css?body=1" for 127.0.0.1 at 2014-07-26 01:56:41 -0700
Served asset /application.css - 304 Not Modified (10ms)


Started GET "/assets/jquery.js?body=1" for 127.0.0.1 at 2014-07-26 01:56:41 -0700
Served asset /jquery.js - 304 Not Modified (1ms)


Started GET "/assets/application.js?body=1" for 127.0.0.1 at 2014-07-26 01:56:41 -0700
Served asset /application.js - 200 OK (5ms)


Started GET "/assets/pages.js?body=1" for 127.0.0.1 at 2014-07-26 01:56:41 -0700
Served asset /pages.js - 200 OK (1ms)


Started GET "/assets/jquery_ujs.js?body=1" for 127.0.0.1 at 2014-07-26 01:56:41 -0700
Served asset /jquery_ujs.js - 304 Not Modified (2ms)


Started GET "/assets/pages.css?body=1" for 127.0.0.1 at 2014-07-26 01:56:41 -0700
Served asset /pages.css - 304 Not Modified (2ms)


Started GET "/" for 127.0.0.1 at 2014-07-26 01:56:53 -0700
Processing by PagesController#main as HTML
  Rendered pages/main.html.erb within layouts/application (0.1ms)
Compiled pages.js  (0ms)  (pid 68931)
Compiled application.js  (2ms)  (pid 68931)
Completed 200 OK in 210.5ms (Views: 18.7ms | ActiveRecord: 0.0ms)


Started GET "/assets/application.css?body=1" for 127.0.0.1 at 2014-07-26 01:56:54 -0700
Served asset /application.css - 304 Not Modified (0ms)


Started GET "/assets/pages.css?body=1" for 127.0.0.1 at 2014-07-26 01:56:54 -0700
Served asset /pages.css - 304 Not Modified (0ms)


Started GET "/assets/jquery.js?body=1" for 127.0.0.1 at 2014-07-26 01:56:54 -0700
Served asset /jquery.js - 304 Not Modified (0ms)


Started GET "/assets/pages.js?body=1" for 127.0.0.1 at 2014-07-26 01:56:54 -0700
Served asset /pages.js - 200 OK (1ms)


Started GET "/assets/jquery_ujs.js?body=1" for 127.0.0.1 at 2014-07-26 01:56:54 -0700
Served asset /jquery_ujs.js - 304 Not Modified (0ms)


Started GET "/assets/application.js?body=1" for 127.0.0.1 at 2014-07-26 01:56:54 -0700
Served asset /application.js - 200 OK (6ms)


Started GET "/" for 127.0.0.1 at 2014-07-26 01:56:57 -0700
Processing by PagesController#main as HTML
  Rendered pages/main.html.erb within layouts/application (0.1ms)
Completed 200 OK in 199.0ms (Views: 3.2ms | ActiveRecord: 0.0ms)


Started GET "/assets/application.css?body=1" for 127.0.0.1 at 2014-07-26 01:56:57 -0700
Served asset /application.css - 304 Not Modified (0ms)


Started GET "/assets/jquery.js?body=1" for 127.0.0.1 at 2014-07-26 01:56:57 -0700
Served asset /jquery.js - 304 Not Modified (0ms)


Started GET "/assets/pages.css?body=1" for 127.0.0.1 at 2014-07-26 01:56:57 -0700
Served asset /pages.css - 304 Not Modified (0ms)


Started GET "/assets/jquery_ujs.js?body=1" for 127.0.0.1 at 2014-07-26 01:56:57 -0700
Served asset /jquery_ujs.js - 304 Not Modified (0ms)


Started GET "/assets/application.js?body=1" for 127.0.0.1 at 2014-07-26 01:56:57 -0700
Served asset /application.js - 304 Not Modified (0ms)


Started GET "/assets/pages.js?body=1" for 127.0.0.1 at 2014-07-26 01:56:57 -0700
Served asset /pages.js - 304 Not Modified (0ms)


Started GET "/" for 127.0.0.1 at 2014-07-26 01:57:04 -0700
Processing by PagesController#main as HTML
  Rendered pages/main.html.erb within layouts/application (0.1ms)
Compiled pages.js  (0ms)  (pid 68931)
Compiled application.js  (2ms)  (pid 68931)
Completed 200 OK in 668.1ms (Views: 37.9ms | ActiveRecord: 0.0ms)


Started GET "/assets/application.css?body=1" for 127.0.0.1 at 2014-07-26 01:57:04 -0700
Served asset /application.css - 304 Not Modified (0ms)


Started GET "/assets/jquery_ujs.js?body=1" for 127.0.0.1 at 2014-07-26 01:57:04 -0700
Served asset /jquery_ujs.js - 304 Not Modified (0ms)


Started GET "/assets/jquery.js?body=1" for 127.0.0.1 at 2014-07-26 01:57:04 -0700
Served asset /jquery.js - 304 Not Modified (0ms)


Started GET "/assets/pages.js?body=1" for 127.0.0.1 at 2014-07-26 01:57:04 -0700
Served asset /pages.js - 200 OK (1ms)


Started GET "/assets/pages.css?body=1" for 127.0.0.1 at 2014-07-26 01:57:04 -0700
Served asset /pages.css - 304 Not Modified (0ms)


Started GET "/assets/application.js?body=1" for 127.0.0.1 at 2014-07-26 01:57:04 -0700
Served asset /application.js - 304 Not Modified (6ms)
